[debug] [2023-07-13T13:40:46.532Z] ----------------------------------------------------------------------
[debug] [2023-07-13T13:40:46.534Z] Command:       C:\Program Files\nodejs\node.exe C:\Users\roshan.j\AppData\Roaming\npm\node_modules\firebase-tools\lib\bin\firebase.js init
[debug] [2023-07-13T13:40:46.534Z] CLI Version:   12.4.3
[debug] [2023-07-13T13:40:46.534Z] Platform:      win32
[debug] [2023-07-13T13:40:46.534Z] Node Version:  v16.17.0
[debug] [2023-07-13T13:40:46.535Z] Time:          Thu Jul 13 2023 19:10:46 GMT+0530 (India Standard Time)
[debug] [2023-07-13T13:40:46.536Z] ----------------------------------------------------------------------
[debug] 
[debug] [2023-07-13T13:40:46.538Z] >>> [apiv2][query] GET https://firebase-public.firebaseio.com/cli.json [none]
[debug] [2023-07-13T13:40:46.556Z] > command requires scopes: ["email","openid","https://www.googleapis.com/auth/cloudplatformprojects.readonly","https://www.googleapis.com/auth/firebase","https://www.googleapis.com/auth/cloud-platform"]
[debug] [2023-07-13T13:40:46.556Z] > authorizing via signed-in user (roshan.jabbar@gadgeon.com)
[info] 
     ######## #### ########  ######## ########     ###     ######  ########
     ##        ##  ##     ## ##       ##     ##  ##   ##  ##       ##
     ######    ##  ########  ######   ########  #########  ######  ######
     ##        ##  ##    ##  ##       ##     ## ##     ##       ## ##
     ##       #### ##     ## ######## ########  ##     ##  ######  ########

You're about to initialize a Firebase project in this directory:

  D:\reactTs\ts-todo-app

[warn] !  Unable to fetch the CLI MOTD and remote config. 
[debug] [2023-07-13T13:40:46.913Z] Failed to fetch MOTD FirebaseError: Failed to make request to https://firebase-public.firebaseio.com/cli.json
[info] 
=== Project Setup
[info] 
[info] First, let's associate this project directory with a Firebase project.
[info] You can create multiple project aliases by running firebase use --add, 
[info] but for now we'll just set up a default project.
[info] 
[debug] [2023-07-13T13:40:54.839Z] >>> [apiv2][query] GET https://firebase.googleapis.com/v1beta1/projects pageSize=100
[debug] [2023-07-13T13:40:54.981Z] Failed to make request to https://firebase.googleapis.com/v1beta1/projects?pageSize=100
[debug] [2023-07-13T13:40:55.086Z] FirebaseError: Failed to make request to https://firebase.googleapis.com/v1beta1/projects?pageSize=100
    at RetryOperation._fn (C:\Users\roshan.j\AppData\Roaming\npm\node_modules\firebase-tools\lib\apiv2.js:242:31)
    at processTicksAndRejections (node:internal/process/task_queues:96:5)
[error] 
[error] Error: Failed to list Firebase projects. See firebase-debug.log for more info.
